
C:\Users\fm\AppData\Local\Temp\arduino_build_524574/tiny13synt6.ino.elf:     file format elf32-avr


Disassembly of section .text:

00000000 <__vectors>:
__vectors():
   0:	09 c0       	rjmp	.+18     	; 0x14 <__ctors_end>
   2:	66 c0       	rjmp	.+204    	; 0xd0 <__bad_interrupt>
   4:	65 c0       	rjmp	.+202    	; 0xd0 <__bad_interrupt>
   6:	64 c0       	rjmp	.+200    	; 0xd0 <__bad_interrupt>
   8:	63 c0       	rjmp	.+198    	; 0xd0 <__bad_interrupt>
   a:	62 c0       	rjmp	.+196    	; 0xd0 <__bad_interrupt>
   c:	61 c0       	rjmp	.+194    	; 0xd0 <__bad_interrupt>
   e:	60 c0       	rjmp	.+192    	; 0xd0 <__bad_interrupt>
  10:	5f c0       	rjmp	.+190    	; 0xd0 <__bad_interrupt>
  12:	5e c0       	rjmp	.+188    	; 0xd0 <__bad_interrupt>

00000014 <__ctors_end>:
__trampolines_start():
  14:	11 24       	eor	r1, r1
  16:	1f be       	out	0x3f, r1	; 63
  18:	cf e9       	ldi	r28, 0x9F	; 159
  1a:	cd bf       	out	0x3d, r28	; 61

0000001c <__do_copy_data>:
__do_copy_data():
/home/jenkins-mingw32/workspace/avr-gcc-staging/label/Ubuntu14.04x64-mingw32/gcc-build/avr/avr25/tiny-stack/libgcc/../../../../../gcc/libgcc/config/avr/lib1funcs.S:2409
  1c:	10 e0       	ldi	r17, 0x00	; 0
/home/jenkins-mingw32/workspace/avr-gcc-staging/label/Ubuntu14.04x64-mingw32/gcc-build/avr/avr25/tiny-stack/libgcc/../../../../../gcc/libgcc/config/avr/lib1funcs.S:2410
  1e:	a0 e6       	ldi	r26, 0x60	; 96
/home/jenkins-mingw32/workspace/avr-gcc-staging/label/Ubuntu14.04x64-mingw32/gcc-build/avr/avr25/tiny-stack/libgcc/../../../../../gcc/libgcc/config/avr/lib1funcs.S:2411
  20:	b0 e0       	ldi	r27, 0x00	; 0
/home/jenkins-mingw32/workspace/avr-gcc-staging/label/Ubuntu14.04x64-mingw32/gcc-build/avr/avr25/tiny-stack/libgcc/../../../../../gcc/libgcc/config/avr/lib1funcs.S:2412
  22:	e2 e6       	ldi	r30, 0x62	; 98
/home/jenkins-mingw32/workspace/avr-gcc-staging/label/Ubuntu14.04x64-mingw32/gcc-build/avr/avr25/tiny-stack/libgcc/../../../../../gcc/libgcc/config/avr/lib1funcs.S:2413
  24:	f3 e0       	ldi	r31, 0x03	; 3
/home/jenkins-mingw32/workspace/avr-gcc-staging/label/Ubuntu14.04x64-mingw32/gcc-build/avr/avr25/tiny-stack/libgcc/../../../../../gcc/libgcc/config/avr/lib1funcs.S:2414
  26:	02 c0       	rjmp	.+4      	; 0x2c <__do_copy_data+0x10>
/home/jenkins-mingw32/workspace/avr-gcc-staging/label/Ubuntu14.04x64-mingw32/gcc-build/avr/avr25/tiny-stack/libgcc/../../../../../gcc/libgcc/config/avr/lib1funcs.S:2417
  28:	05 90       	lpm	r0, Z+
/home/jenkins-mingw32/workspace/avr-gcc-staging/label/Ubuntu14.04x64-mingw32/gcc-build/avr/avr25/tiny-stack/libgcc/../../../../../gcc/libgcc/config/avr/lib1funcs.S:2422
  2a:	0d 92       	st	X+, r0
/home/jenkins-mingw32/workspace/avr-gcc-staging/label/Ubuntu14.04x64-mingw32/gcc-build/avr/avr25/tiny-stack/libgcc/../../../../../gcc/libgcc/config/avr/lib1funcs.S:2424
  2c:	a2 36       	cpi	r26, 0x62	; 98
/home/jenkins-mingw32/workspace/avr-gcc-staging/label/Ubuntu14.04x64-mingw32/gcc-build/avr/avr25/tiny-stack/libgcc/../../../../../gcc/libgcc/config/avr/lib1funcs.S:2425
  2e:	b1 07       	cpc	r27, r17
/home/jenkins-mingw32/workspace/avr-gcc-staging/label/Ubuntu14.04x64-mingw32/gcc-build/avr/avr25/tiny-stack/libgcc/../../../../../gcc/libgcc/config/avr/lib1funcs.S:2426
  30:	d9 f7       	brne	.-10     	; 0x28 <__do_copy_data+0xc>
  32:	01 d0       	rcall	.+2      	; 0x36 <main>
  34:	94 c1       	rjmp	.+808    	; 0x35e <_exit>

00000036 <main>:
init():
C:\Users\fm\AppData\Local\Arduino15\packages\MicroCore\hardware\avr\2.2.0\cores\microcore/wiring.c:164
    // Set timer0 couter to zero
    TCNT0 = 0;
  #endif

  // Turn on global interrupts
  sei();
  36:	78 94       	sei
setup():
C:\github\Karat2N_synt\1freq\tiny13synt6/tiny13synt6.ino:9
uint32_t frequency = 2284952UL;
uint8_t prv_ch = 11;


void setup() {
  DDRB &= ~(1 << PB3);      // For attiny it is PB3 for adc input
  38:	bb 98       	cbi	0x17, 3	; 23
C:\github\Karat2N_synt\1freq\tiny13synt6/tiny13synt6.ino:10
  ADMUX |= (0 << REFS0) | (1 << MUX1) | (1 << MUX0); // set reference and channel
  3a:	87 b1       	in	r24, 0x07	; 7
  3c:	83 60       	ori	r24, 0x03	; 3
  3e:	87 b9       	out	0x07, r24	; 7
C:\github\Karat2N_synt\1freq\tiny13synt6/tiny13synt6.ino:11
  ADCSRA |= (1 << ADPS2) | (1 << ADPS1) | (1 << ADPS0) | (1 << ADEN); //set prescaller to 128 and enable ADC
  40:	86 b1       	in	r24, 0x06	; 6
  42:	87 68       	ori	r24, 0x87	; 135
  44:	86 b9       	out	0x06, r24	; 6
C:\github\Karat2N_synt\1freq\tiny13synt6/tiny13synt6.ino:12
  sei();
  46:	78 94       	sei
loop():
C:\github\Karat2N_synt\1freq\tiny13synt6/tiny13synt6.ino:17

}

void loop() {
  uint8_t ch = (ReadADC() >> 6);
  48:	db d0       	rcall	.+438    	; 0x200 <ReadADC()>
  4a:	5c 01       	movw	r10, r24
  4c:	46 e0       	ldi	r20, 0x06	; 6
  4e:	b6 94       	lsr	r11
  50:	a7 94       	ror	r10
  52:	4a 95       	dec	r20
  54:	e1 f7       	brne	.-8      	; 0x4e <__SREG__+0xf>
C:\github\Karat2N_synt\1freq\tiny13synt6/tiny13synt6.ino:18
  if (prv_ch != ch && (ch == (ReadADC() >> 6))) {
  56:	80 91 60 00 	lds	r24, 0x0060	; 0x800060 <__DATA_REGION_ORIGIN__>
  5a:	8a 15       	cp	r24, r10
  5c:	a9 f3       	breq	.-22     	; 0x48 <__SREG__+0x9>
  5e:	e5 01       	movw	r28, r10
  60:	dd 27       	eor	r29, r29
  62:	ce d0       	rcall	.+412    	; 0x200 <ReadADC()>
  64:	36 e0       	ldi	r19, 0x06	; 6
  66:	96 95       	lsr	r25
  68:	87 95       	ror	r24
  6a:	3a 95       	dec	r19
  6c:	e1 f7       	brne	.-8      	; 0x66 <__SREG__+0x27>
  6e:	c8 17       	cp	r28, r24
  70:	d9 07       	cpc	r29, r25
  72:	51 f7       	brne	.-44     	; 0x48 <__SREG__+0x9>
si5351_freq():
C:\Users\fm\AppData\Local\Temp\arduino_build_524574\sketch/tiny5351.c:56

//void si5351_freq(uint32_t freq, uint8_t clk) //, uint8_t i, uint8_t q
void si5351_freq(uint8_t ch) //, uint8_t i, uint8_t q
{

  i2c_init();
  74:	34 d0       	rcall	.+104    	; 0xde <i2c_init>
C:\Users\fm\AppData\Local\Temp\arduino_build_524574\sketch/tiny5351.c:70
    uint32_t num = l;
    const uint32_t denom = 0xFFFFF;
    setupPLL(SI_SYNTH_PLL_A, 20, 0, 1, R_DIV_NA);
    setupPLL((SI_SYNTH_MS_0 + (8 * clk)), mult, num, denom, SI_R_DIV_1);
  */
  setupPLL(SI_SYNTH_PLL_A, 27, 3192 + ch, 4096, R_DIV_NA);
  76:	9e 01       	movw	r18, r28
  78:	28 58       	subi	r18, 0x88	; 136
  7a:	33 4f       	sbci	r19, 0xF3	; 243
  7c:	03 2e       	mov	r0, r19
  7e:	00 0c       	add	r0, r0
  80:	44 0b       	sbc	r20, r20
  82:	55 0b       	sbc	r21, r21
  84:	cc 24       	eor	r12, r12
  86:	ca 94       	dec	r12
  88:	e1 2c       	mov	r14, r1
  8a:	10 e1       	ldi	r17, 0x10	; 16
  8c:	f1 2e       	mov	r15, r17
  8e:	00 e0       	ldi	r16, 0x00	; 0
  90:	10 e0       	ldi	r17, 0x00	; 0
  92:	6b e1       	ldi	r22, 0x1B	; 27
  94:	8a e1       	ldi	r24, 0x1A	; 26
  96:	c9 d0       	rcall	.+402    	; 0x22a <setupPLL>
C:\Users\fm\AppData\Local\Temp\arduino_build_524574\sketch/tiny5351.c:71
  setupPLL(SI_SYNTH_MS_0, 152, 0, 1, SI_R_DIV_2);
  98:	90 e1       	ldi	r25, 0x10	; 16
  9a:	c9 2e       	mov	r12, r25
  9c:	e1 2c       	mov	r14, r1
  9e:	f1 2c       	mov	r15, r1
  a0:	87 01       	movw	r16, r14
  a2:	e3 94       	inc	r14
  a4:	20 e0       	ldi	r18, 0x00	; 0
  a6:	30 e0       	ldi	r19, 0x00	; 0
  a8:	a9 01       	movw	r20, r18
  aa:	68 e9       	ldi	r22, 0x98	; 152
  ac:	8a e2       	ldi	r24, 0x2A	; 42
  ae:	bd d0       	rcall	.+378    	; 0x22a <setupPLL>
C:\Users\fm\AppData\Local\Temp\arduino_build_524574\sketch/tiny5351.c:74


  i2cSendRegister(SI5351_CRYSTAL_LOAD, (SI5351_CRYSTAL_LOAD_10PF & SI5351_CRYSTAL_LOAD_MASK) | 0b00010010);
  b0:	62 ed       	ldi	r22, 0xD2	; 210
  b2:	87 eb       	ldi	r24, 0xB7	; 183
  b4:	ab d0       	rcall	.+342    	; 0x20c <i2cSendRegister>
C:\Users\fm\AppData\Local\Temp\arduino_build_524574\sketch/tiny5351.c:75
  i2cSendRegister(SI_CLK0_CONTROL, (0x4C + SI5351_CLK_DRIVE_4MA) | SI_CLK_SRC_PLL_A);
  b6:	6d e4       	ldi	r22, 0x4D	; 77
  b8:	80 e1       	ldi	r24, 0x10	; 16
  ba:	a8 d0       	rcall	.+336    	; 0x20c <i2cSendRegister>
C:\Users\fm\AppData\Local\Temp\arduino_build_524574\sketch/tiny5351.c:76
  i2cSendRegister(SI_PLL_RESET, 0xA0);
  bc:	60 ea       	ldi	r22, 0xA0	; 160
  be:	81 eb       	ldi	r24, 0xB1	; 177
  c0:	a5 d0       	rcall	.+330    	; 0x20c <i2cSendRegister>
C:\Users\fm\AppData\Local\Temp\arduino_build_524574\sketch/tiny5351.c:77
  i2cSendRegister(SI_CLK_OE,  ~1); // Enable
  c2:	6e ef       	ldi	r22, 0xFE	; 254
  c4:	83 e0       	ldi	r24, 0x03	; 3
  c6:	a2 d0       	rcall	.+324    	; 0x20c <i2cSendRegister>
C:\Users\fm\AppData\Local\Temp\arduino_build_524574\sketch/tiny5351.c:78
  i2c_exit();						// Exit I2C
  c8:	0f d0       	rcall	.+30     	; 0xe8 <i2c_exit>
loop():
C:\github\Karat2N_synt\1freq\tiny13synt6/tiny13synt6.ino:20
    si5351_freq(ch);
    prv_ch = ch;
  ca:	a0 92 60 00 	sts	0x0060, r10	; 0x800060 <__DATA_REGION_ORIGIN__>
  ce:	bc cf       	rjmp	.-136    	; 0x48 <__SREG__+0x9>

000000d0 <__bad_interrupt>:
__vector_1():
  d0:	97 cf       	rjmp	.-210    	; 0x0 <__vectors>

000000d2 <i2c_delay_T2>:
i2c_delay_T2():
C:\Users\fm\AppData\Local\Temp\arduino_build_524574\sketch/i2cmaster.S:112
;
; Delay 72 cycles
; 4us 500 ns at 16 MHz
.func i2c_delay_T2	; delay 5.0 microsec with 4 Mhz crystal	
i2c_delay_T2:        ; 4 cycles
    push r18
  d2:	2f 93       	push	r18
C:\Users\fm\AppData\Local\Temp\arduino_build_524574\sketch/i2cmaster.S:113
    ldi  r18, 22
  d4:	26 e1       	ldi	r18, 0x16	; 22

000000d6 <L1>:
L1():
C:\Users\fm\AppData\Local\Temp\arduino_build_524574\sketch/i2cmaster.S:114
L1: dec  r18
  d6:	2a 95       	dec	r18
C:\Users\fm\AppData\Local\Temp\arduino_build_524574\sketch/i2cmaster.S:115
    brne L1
  d8:	f1 f7       	brne	.-4      	; 0xd6 <L1>
C:\Users\fm\AppData\Local\Temp\arduino_build_524574\sketch/i2cmaster.S:116
	pop  r18
  da:	2f 91       	pop	r18
C:\Users\fm\AppData\Local\Temp\arduino_build_524574\sketch/i2cmaster.S:117
	ret
  dc:	08 95       	ret

000000de <i2c_init>:
i2c_init():
C:\Users\fm\AppData\Local\Temp\arduino_build_524574\sketch/i2cmaster.S:128
; extern void i2c_init(void)
;*************************************************************************
	.global i2c_init
	.func i2c_init
i2c_init:
	cbi SDA_DDR,SDA		;release SDA
  de:	ba 98       	cbi	0x17, 2	; 23
C:\Users\fm\AppData\Local\Temp\arduino_build_524574\sketch/i2cmaster.S:129
	cbi SCL_DDR,SCL		;release SCL
  e0:	b9 98       	cbi	0x17, 1	; 23
C:\Users\fm\AppData\Local\Temp\arduino_build_524574\sketch/i2cmaster.S:130
	cbi SDA_OUT,SDA
  e2:	c2 98       	cbi	0x18, 2	; 24
C:\Users\fm\AppData\Local\Temp\arduino_build_524574\sketch/i2cmaster.S:131
	cbi SCL_OUT,SCL
  e4:	c1 98       	cbi	0x18, 1	; 24
C:\Users\fm\AppData\Local\Temp\arduino_build_524574\sketch/i2cmaster.S:132
	ret
  e6:	08 95       	ret

000000e8 <i2c_exit>:
i2c_exit():
C:\Users\fm\AppData\Local\Temp\arduino_build_524574\sketch/i2cmaster.S:143
; extern void i2c_init(void)
;*************************************************************************
	.global i2c_exit
	.func i2c_exit
i2c_exit:
	sbi SDA_DDR,SDA		;make SDA pin output again
  e8:	ba 9a       	sbi	0x17, 2	; 23
C:\Users\fm\AppData\Local\Temp\arduino_build_524574\sketch/i2cmaster.S:144
	ret
  ea:	08 95       	ret

000000ec <i2c_start>:
i2c_start():
C:\Users\fm\AppData\Local\Temp\arduino_build_524574\sketch/i2cmaster.S:158
;*************************************************************************

	.global i2c_start
	.func   i2c_start
i2c_start:
	sbi 	SDA_DDR,SDA	;force SDA low
  ec:	ba 9a       	sbi	0x17, 2	; 23
C:\Users\fm\AppData\Local\Temp\arduino_build_524574\sketch/i2cmaster.S:159
	rcall 	i2c_delay_T2	;delay T/2
  ee:	f1 df       	rcall	.-30     	; 0xd2 <i2c_delay_T2>
C:\Users\fm\AppData\Local\Temp\arduino_build_524574\sketch/i2cmaster.S:161
	
	rcall 	i2c_write	;write address
  f0:	13 d0       	rcall	.+38     	; 0x118 <i2c_write>
C:\Users\fm\AppData\Local\Temp\arduino_build_524574\sketch/i2cmaster.S:162
	ret
  f2:	08 95       	ret

000000f4 <i2c_start_wait>:
i2c_start_wait():
C:\Users\fm\AppData\Local\Temp\arduino_build_524574\sketch/i2cmaster.S:178
;*************************************************************************

	.global i2c_start_wait
	.func   i2c_start_wait
i2c_start_wait:
	mov	__tmp_reg__,r24
  f4:	08 2e       	mov	r0, r24

000000f6 <i2c_start_wait1>:
i2c_start_wait1():
C:\Users\fm\AppData\Local\Temp\arduino_build_524574\sketch/i2cmaster.S:180
i2c_start_wait1:
	sbi 	SDA_DDR,SDA	;force SDA low
  f6:	ba 9a       	sbi	0x17, 2	; 23
C:\Users\fm\AppData\Local\Temp\arduino_build_524574\sketch/i2cmaster.S:181
	rcall 	i2c_delay_T2	;delay T/2
  f8:	ec df       	rcall	.-40     	; 0xd2 <i2c_delay_T2>
C:\Users\fm\AppData\Local\Temp\arduino_build_524574\sketch/i2cmaster.S:182
	mov	r24,__tmp_reg__
  fa:	80 2d       	mov	r24, r0
C:\Users\fm\AppData\Local\Temp\arduino_build_524574\sketch/i2cmaster.S:183
	rcall 	i2c_write	;write address
  fc:	0d d0       	rcall	.+26     	; 0x118 <i2c_write>
C:\Users\fm\AppData\Local\Temp\arduino_build_524574\sketch/i2cmaster.S:184
	tst	r24		;if device not busy -> done
  fe:	88 23       	and	r24, r24
C:\Users\fm\AppData\Local\Temp\arduino_build_524574\sketch/i2cmaster.S:185
	breq	i2c_start_wait_done
 100:	11 f0       	breq	.+4      	; 0x106 <i2c_start_wait_done>
C:\Users\fm\AppData\Local\Temp\arduino_build_524574\sketch/i2cmaster.S:186
	rcall	i2c_stop	;terminate write operation
 102:	02 d0       	rcall	.+4      	; 0x108 <i2c_stop>
C:\Users\fm\AppData\Local\Temp\arduino_build_524574\sketch/i2cmaster.S:187
	rjmp	i2c_start_wait1	;device busy, poll ack again
 104:	f8 cf       	rjmp	.-16     	; 0xf6 <i2c_start_wait1>

00000106 <i2c_start_wait_done>:
i2c_start_wait_done():
C:\Users\fm\AppData\Local\Temp\arduino_build_524574\sketch/i2cmaster.S:189
i2c_start_wait_done:
	ret
 106:	08 95       	ret

00000108 <i2c_stop>:
i2c_stop():
C:\Users\fm\AppData\Local\Temp\arduino_build_524574\sketch/i2cmaster.S:202
;*************************************************************************

	.global	i2c_stop
	.func	i2c_stop
i2c_stop:
	sbi	SCL_DDR,SCL	;force SCL low
 108:	b9 9a       	sbi	0x17, 1	; 23
C:\Users\fm\AppData\Local\Temp\arduino_build_524574\sketch/i2cmaster.S:203
	sbi	SDA_DDR,SDA	;force SDA low
 10a:	ba 9a       	sbi	0x17, 2	; 23
C:\Users\fm\AppData\Local\Temp\arduino_build_524574\sketch/i2cmaster.S:204
	rcall	i2c_delay_T2	;delay T/2
 10c:	e2 df       	rcall	.-60     	; 0xd2 <i2c_delay_T2>
C:\Users\fm\AppData\Local\Temp\arduino_build_524574\sketch/i2cmaster.S:205
	cbi	SCL_DDR,SCL	;release SCL
 10e:	b9 98       	cbi	0x17, 1	; 23
C:\Users\fm\AppData\Local\Temp\arduino_build_524574\sketch/i2cmaster.S:206
	rcall	i2c_delay_T2	;delay T/2
 110:	e0 df       	rcall	.-64     	; 0xd2 <i2c_delay_T2>
C:\Users\fm\AppData\Local\Temp\arduino_build_524574\sketch/i2cmaster.S:207
	cbi	SDA_DDR,SDA	;release SDA
 112:	ba 98       	cbi	0x17, 2	; 23
C:\Users\fm\AppData\Local\Temp\arduino_build_524574\sketch/i2cmaster.S:208
	rcall	i2c_delay_T2	;delay T/2
 114:	de df       	rcall	.-68     	; 0xd2 <i2c_delay_T2>
C:\Users\fm\AppData\Local\Temp\arduino_build_524574\sketch/i2cmaster.S:209
	ret
 116:	08 95       	ret

00000118 <i2c_write>:
i2c_write():
C:\Users\fm\AppData\Local\Temp\arduino_build_524574\sketch/i2cmaster.S:223
;	data = r24,  return = r25(=0):r24
;*************************************************************************
	.global i2c_write
	.func	i2c_write
i2c_write:
	sec			;set carry flag
 118:	08 94       	sec
C:\Users\fm\AppData\Local\Temp\arduino_build_524574\sketch/i2cmaster.S:224
	rol 	r24		;shift in carry and out bit one
 11a:	88 1f       	adc	r24, r24
C:\Users\fm\AppData\Local\Temp\arduino_build_524574\sketch/i2cmaster.S:225
	rjmp	i2c_write_first
 11c:	01 c0       	rjmp	.+2      	; 0x120 <i2c_write_first>

0000011e <i2c_write_bit>:
i2c_write_bit():
C:\Users\fm\AppData\Local\Temp\arduino_build_524574\sketch/i2cmaster.S:227
i2c_write_bit:
	lsl	r24		;if transmit register empty
 11e:	88 0f       	add	r24, r24

00000120 <i2c_write_first>:
i2c_write_first():
C:\Users\fm\AppData\Local\Temp\arduino_build_524574\sketch/i2cmaster.S:229
i2c_write_first:
	breq	i2c_get_ack
 120:	59 f0       	breq	.+22     	; 0x138 <i2c_get_ack>
C:\Users\fm\AppData\Local\Temp\arduino_build_524574\sketch/i2cmaster.S:230
	sbi	SCL_DDR,SCL	;force SCL low
 122:	b9 9a       	sbi	0x17, 1	; 23
C:\Users\fm\AppData\Local\Temp\arduino_build_524574\sketch/i2cmaster.S:231
	brcc	i2c_write_low
 124:	18 f4       	brcc	.+6      	; 0x12c <i2c_write_low>
C:\Users\fm\AppData\Local\Temp\arduino_build_524574\sketch/i2cmaster.S:232
	nop
 126:	00 00       	nop
C:\Users\fm\AppData\Local\Temp\arduino_build_524574\sketch/i2cmaster.S:233
	cbi	SDA_DDR,SDA	;release SDA
 128:	ba 98       	cbi	0x17, 2	; 23
C:\Users\fm\AppData\Local\Temp\arduino_build_524574\sketch/i2cmaster.S:234
	rjmp	i2c_write_high
 12a:	02 c0       	rjmp	.+4      	; 0x130 <i2c_write_high>

0000012c <i2c_write_low>:
i2c_write_low():
C:\Users\fm\AppData\Local\Temp\arduino_build_524574\sketch/i2cmaster.S:236
i2c_write_low:
	sbi	SDA_DDR,SDA	;force SDA low
 12c:	ba 9a       	sbi	0x17, 2	; 23
C:\Users\fm\AppData\Local\Temp\arduino_build_524574\sketch/i2cmaster.S:237
	rjmp	i2c_write_high
 12e:	00 c0       	rjmp	.+0      	; 0x130 <i2c_write_high>

00000130 <i2c_write_high>:
i2c_write_high():
C:\Users\fm\AppData\Local\Temp\arduino_build_524574\sketch/i2cmaster.S:239
i2c_write_high:
	rcall 	i2c_delay_T2	;delay T/2
 130:	d0 df       	rcall	.-96     	; 0xd2 <i2c_delay_T2>
C:\Users\fm\AppData\Local\Temp\arduino_build_524574\sketch/i2cmaster.S:240
	cbi	SCL_DDR,SCL	;release SCL
 132:	b9 98       	cbi	0x17, 1	; 23
C:\Users\fm\AppData\Local\Temp\arduino_build_524574\sketch/i2cmaster.S:241
	rcall	i2c_delay_T2	;delay T/2
 134:	ce df       	rcall	.-100    	; 0xd2 <i2c_delay_T2>
C:\Users\fm\AppData\Local\Temp\arduino_build_524574\sketch/i2cmaster.S:242
	rjmp	i2c_write_bit
 136:	f3 cf       	rjmp	.-26     	; 0x11e <i2c_write_bit>

00000138 <i2c_get_ack>:
i2c_get_ack():
C:\Users\fm\AppData\Local\Temp\arduino_build_524574\sketch/i2cmaster.S:245
	
i2c_get_ack:
	sbi	SCL_DDR,SCL	;force SCL low
 138:	b9 9a       	sbi	0x17, 1	; 23
C:\Users\fm\AppData\Local\Temp\arduino_build_524574\sketch/i2cmaster.S:246
	cbi	SDA_DDR,SDA	;release SDA
 13a:	ba 98       	cbi	0x17, 2	; 23
C:\Users\fm\AppData\Local\Temp\arduino_build_524574\sketch/i2cmaster.S:247
	rcall	i2c_delay_T2	;delay T/2
 13c:	ca df       	rcall	.-108    	; 0xd2 <i2c_delay_T2>
C:\Users\fm\AppData\Local\Temp\arduino_build_524574\sketch/i2cmaster.S:248
	cbi	SCL_DDR,SCL	;release SCL
 13e:	b9 98       	cbi	0x17, 1	; 23

00000140 <i2c_ack_wait>:
i2c_ack_wait():
C:\Users\fm\AppData\Local\Temp\arduino_build_524574\sketch/i2cmaster.S:251
i2c_ack_wait:
    ;ret
	sbis	SCL_IN,SCL	;wait SCL high (in case wait states are inserted)
 140:	b1 9b       	sbis	0x16, 1	; 22
C:\Users\fm\AppData\Local\Temp\arduino_build_524574\sketch/i2cmaster.S:252
	rjmp	i2c_ack_wait
 142:	fe cf       	rjmp	.-4      	; 0x140 <i2c_ack_wait>
C:\Users\fm\AppData\Local\Temp\arduino_build_524574\sketch/i2cmaster.S:254
	
	clr	r24		;return 0
 144:	88 27       	eor	r24, r24
C:\Users\fm\AppData\Local\Temp\arduino_build_524574\sketch/i2cmaster.S:255
	sbic	SDA_IN,SDA	;if SDA high -> return 1
 146:	b2 99       	sbic	0x16, 2	; 22
C:\Users\fm\AppData\Local\Temp\arduino_build_524574\sketch/i2cmaster.S:256
	ldi	r24,1
 148:	81 e0       	ldi	r24, 0x01	; 1
C:\Users\fm\AppData\Local\Temp\arduino_build_524574\sketch/i2cmaster.S:257
	rcall	i2c_delay_T2	;delay T/2
 14a:	c3 df       	rcall	.-122    	; 0xd2 <i2c_delay_T2>
C:\Users\fm\AppData\Local\Temp\arduino_build_524574\sketch/i2cmaster.S:258
	clr	r25
 14c:	99 27       	eor	r25, r25
C:\Users\fm\AppData\Local\Temp\arduino_build_524574\sketch/i2cmaster.S:259
	ret
 14e:	08 95       	ret

00000150 <tmultiply>:
tmultiply():
C:\Users\fm\AppData\Local\Temp\arduino_build_524574\sketch/slimmath.S:17
;;  Arg 1 in R25-R24-r23-r22
;;  Arg 2 in R21-R20-r19-r18
;;  return in R25-r24-r23-r22-r21-r20-r19-r18 

tmultiply:
        push    r2              ; save working registers
 150:	2f 92       	push	r2
C:\Users\fm\AppData\Local\Temp\arduino_build_524574\sketch/slimmath.S:18
        push    r3              ; 
 152:	3f 92       	push	r3
C:\Users\fm\AppData\Local\Temp\arduino_build_524574\sketch/slimmath.S:19
        push    r4
 154:	4f 92       	push	r4
C:\Users\fm\AppData\Local\Temp\arduino_build_524574\sketch/slimmath.S:20
        push    r5
 156:	5f 92       	push	r5
C:\Users\fm\AppData\Local\Temp\arduino_build_524574\sketch/slimmath.S:21
		push    r6
 158:	6f 92       	push	r6
C:\Users\fm\AppData\Local\Temp\arduino_build_524574\sketch/slimmath.S:22
		push    r7
 15a:	7f 92       	push	r7
C:\Users\fm\AppData\Local\Temp\arduino_build_524574\sketch/slimmath.S:23
        push    r16
 15c:	0f 93       	push	r16
C:\Users\fm\AppData\Local\Temp\arduino_build_524574\sketch/slimmath.S:30
		
        ;CLR   r0         ;Initialize Answer to zero 
        ;CLR   r1         ;
        ;CLR   r2         ;
        ;CLR   r3         ; 
        CLR   r4         ;
 15e:	44 24       	eor	r4, r4
C:\Users\fm\AppData\Local\Temp\arduino_build_524574\sketch/slimmath.S:31
        CLR   r5         ;
 160:	55 24       	eor	r5, r5
C:\Users\fm\AppData\Local\Temp\arduino_build_524574\sketch/slimmath.S:32
        CLR   r6         ;
 162:	66 24       	eor	r6, r6
C:\Users\fm\AppData\Local\Temp\arduino_build_524574\sketch/slimmath.S:33
        SUB   r7,r7    ;Clear r7 and Carry Flag
 164:	77 18       	sub	r7, r7
C:\Users\fm\AppData\Local\Temp\arduino_build_524574\sketch/slimmath.S:34
        MOV   r0,r22      ;Copy Multiplier to Answer
 166:	06 2e       	mov	r0, r22
C:\Users\fm\AppData\Local\Temp\arduino_build_524574\sketch/slimmath.S:35
        MOV   r1,r23      ;
 168:	17 2e       	mov	r1, r23
C:\Users\fm\AppData\Local\Temp\arduino_build_524574\sketch/slimmath.S:36
        MOV   r2,r24      ;
 16a:	28 2e       	mov	r2, r24
C:\Users\fm\AppData\Local\Temp\arduino_build_524574\sketch/slimmath.S:37
        MOV   r3,r25      ; 
 16c:	39 2e       	mov	r3, r25
C:\Users\fm\AppData\Local\Temp\arduino_build_524574\sketch/slimmath.S:38
        LDI   r16,33         ;Set Loop Counter to 33 
 16e:	01 e2       	ldi	r16, 0x21	; 33

00000170 <LOOP>:
LOOP():
C:\Users\fm\AppData\Local\Temp\arduino_build_524574\sketch/slimmath.S:40
LOOP: 
        ROR   r3         ;Shift Multiplier to right
 170:	37 94       	ror	r3
C:\Users\fm\AppData\Local\Temp\arduino_build_524574\sketch/slimmath.S:41
        ROR   r2         ;
 172:	27 94       	ror	r2
C:\Users\fm\AppData\Local\Temp\arduino_build_524574\sketch/slimmath.S:42
        ROR   r1         ;
 174:	17 94       	ror	r1
C:\Users\fm\AppData\Local\Temp\arduino_build_524574\sketch/slimmath.S:43
        ROR   r0         ;
 176:	07 94       	ror	r0
C:\Users\fm\AppData\Local\Temp\arduino_build_524574\sketch/slimmath.S:44
        DEC   r16            ;Decrement Loop Counter 
 178:	0a 95       	dec	r16
C:\Users\fm\AppData\Local\Temp\arduino_build_524574\sketch/slimmath.S:45
        BREQ DONE         ;Check if all bits processed 
 17a:	51 f0       	breq	.+20     	; 0x190 <DONE>
C:\Users\fm\AppData\Local\Temp\arduino_build_524574\sketch/slimmath.S:46
        BRCC SKIP        ;If Carry Clear skip addition
 17c:	20 f4       	brcc	.+8      	; 0x186 <SKIP>
C:\Users\fm\AppData\Local\Temp\arduino_build_524574\sketch/slimmath.S:47
        ADD   r4,r18      ;Add Multipicand into Answer
 17e:	42 0e       	add	r4, r18
C:\Users\fm\AppData\Local\Temp\arduino_build_524574\sketch/slimmath.S:48
        ADC   r5,r19      ;
 180:	53 1e       	adc	r5, r19
C:\Users\fm\AppData\Local\Temp\arduino_build_524574\sketch/slimmath.S:49
        ADC   r6,r20      ;
 182:	64 1e       	adc	r6, r20
C:\Users\fm\AppData\Local\Temp\arduino_build_524574\sketch/slimmath.S:50
        ADC   r7,r21      ;
 184:	75 1e       	adc	r7, r21

00000186 <SKIP>:
SKIP():
C:\Users\fm\AppData\Local\Temp\arduino_build_524574\sketch/slimmath.S:52
SKIP:
        ROR   r7         ;Shift high bytes of Answer
 186:	77 94       	ror	r7
C:\Users\fm\AppData\Local\Temp\arduino_build_524574\sketch/slimmath.S:53
        ROR   r6         ;
 188:	67 94       	ror	r6
C:\Users\fm\AppData\Local\Temp\arduino_build_524574\sketch/slimmath.S:54
        ROR   r5         ;
 18a:	57 94       	ror	r5
C:\Users\fm\AppData\Local\Temp\arduino_build_524574\sketch/slimmath.S:55
        ROR   r4         ;
 18c:	47 94       	ror	r4
C:\Users\fm\AppData\Local\Temp\arduino_build_524574\sketch/slimmath.S:56
        RJMP LOOP
 18e:	f0 cf       	rjmp	.-32     	; 0x170 <LOOP>

00000190 <DONE>:
DONE():
C:\Users\fm\AppData\Local\Temp\arduino_build_524574\sketch/slimmath.S:58
DONE:
		MOV   r25,r7      ;
 190:	97 2d       	mov	r25, r7
C:\Users\fm\AppData\Local\Temp\arduino_build_524574\sketch/slimmath.S:59
        MOV   r24,r6      ;
 192:	86 2d       	mov	r24, r6
C:\Users\fm\AppData\Local\Temp\arduino_build_524574\sketch/slimmath.S:60
        MOV   r23,r5      ;
 194:	75 2d       	mov	r23, r5
C:\Users\fm\AppData\Local\Temp\arduino_build_524574\sketch/slimmath.S:61
        MOV   r22,r4      ; 
 196:	64 2d       	mov	r22, r4
C:\Users\fm\AppData\Local\Temp\arduino_build_524574\sketch/slimmath.S:62
		MOV   r21,r3      ;
 198:	53 2d       	mov	r21, r3
C:\Users\fm\AppData\Local\Temp\arduino_build_524574\sketch/slimmath.S:63
        MOV   r20,r2      ;
 19a:	42 2d       	mov	r20, r2
C:\Users\fm\AppData\Local\Temp\arduino_build_524574\sketch/slimmath.S:64
        MOV   r19,r1      ;
 19c:	31 2d       	mov	r19, r1
C:\Users\fm\AppData\Local\Temp\arduino_build_524574\sketch/slimmath.S:65
        MOV   r18,r0      ; 
 19e:	20 2d       	mov	r18, r0
C:\Users\fm\AppData\Local\Temp\arduino_build_524574\sketch/slimmath.S:67
		;; restore registers
        pop     r16
 1a0:	0f 91       	pop	r16
C:\Users\fm\AppData\Local\Temp\arduino_build_524574\sketch/slimmath.S:68
		pop     r7
 1a2:	7f 90       	pop	r7
C:\Users\fm\AppData\Local\Temp\arduino_build_524574\sketch/slimmath.S:69
		pop     r6
 1a4:	6f 90       	pop	r6
C:\Users\fm\AppData\Local\Temp\arduino_build_524574\sketch/slimmath.S:70
        pop     r5
 1a6:	5f 90       	pop	r5
C:\Users\fm\AppData\Local\Temp\arduino_build_524574\sketch/slimmath.S:71
        pop     r4
 1a8:	4f 90       	pop	r4
C:\Users\fm\AppData\Local\Temp\arduino_build_524574\sketch/slimmath.S:72
        pop     r3
 1aa:	3f 90       	pop	r3
C:\Users\fm\AppData\Local\Temp\arduino_build_524574\sketch/slimmath.S:73
        pop     r2
 1ac:	2f 90       	pop	r2
C:\Users\fm\AppData\Local\Temp\arduino_build_524574\sketch/slimmath.S:74
        clr     r1              ; clear zero register
 1ae:	11 24       	eor	r1, r1
C:\Users\fm\AppData\Local\Temp\arduino_build_524574\sketch/slimmath.S:75
		RET
 1b0:	08 95       	ret

000001b2 <tdivide>:
tdivide():
C:\Users\fm\AppData\Local\Temp\arduino_build_524574\sketch/slimmath.S:83
;         Start of 32 % 32 bit division             *
;   http://www.avrfreaks.net/comment/4819#comment-4819    *
;************************************************************
 ; Dividend will hold the integer result
tdivide: 
	push    r2              ; save working registers
 1b2:	2f 92       	push	r2
C:\Users\fm\AppData\Local\Temp\arduino_build_524574\sketch/slimmath.S:84
	push    r3              ; 
 1b4:	3f 92       	push	r3
C:\Users\fm\AppData\Local\Temp\arduino_build_524574\sketch/slimmath.S:85
	push    r16
 1b6:	0f 93       	push	r16
C:\Users\fm\AppData\Local\Temp\arduino_build_524574\sketch/slimmath.S:86
	clr     r3       ; clear  register
 1b8:	33 24       	eor	r3, r3
C:\Users\fm\AppData\Local\Temp\arduino_build_524574\sketch/slimmath.S:87
	clr     r2       ; clear  register
 1ba:	22 24       	eor	r2, r2
C:\Users\fm\AppData\Local\Temp\arduino_build_524574\sketch/slimmath.S:88
	clr     r1       ; clear  register
 1bc:	11 24       	eor	r1, r1
C:\Users\fm\AppData\Local\Temp\arduino_build_524574\sketch/slimmath.S:89
	clr     r0       ; clear  register	
 1be:	00 24       	eor	r0, r0
C:\Users\fm\AppData\Local\Temp\arduino_build_524574\sketch/slimmath.S:90
    ldi    r16,33                      ;1   init loop counter 
 1c0:	01 e2       	ldi	r16, 0x21	; 33

000001c2 <tdivide_label1>:
tdivide_label1():
C:\Users\fm\AppData\Local\Temp\arduino_build_524574\sketch/slimmath.S:92
tdivide_label1: 
    sec                                    ;1   set carry 
 1c2:	08 94       	sec

000001c4 <tdivide_label2>:
tdivide_label2():
C:\Users\fm\AppData\Local\Temp\arduino_build_524574\sketch/slimmath.S:94
tdivide_label2: 
    ROL    r22                       ;1   shift left dividend 
 1c4:	66 1f       	adc	r22, r22
C:\Users\fm\AppData\Local\Temp\arduino_build_524574\sketch/slimmath.S:95
    ROL    r23                       ;1 
 1c6:	77 1f       	adc	r23, r23
C:\Users\fm\AppData\Local\Temp\arduino_build_524574\sketch/slimmath.S:96
    ROL    r24                       ;1 
 1c8:	88 1f       	adc	r24, r24
C:\Users\fm\AppData\Local\Temp\arduino_build_524574\sketch/slimmath.S:97
    ROL    r25                       ;1 
 1ca:	99 1f       	adc	r25, r25
C:\Users\fm\AppData\Local\Temp\arduino_build_524574\sketch/slimmath.S:100
    ;rol    dividend5
    ;rol    dividend6
    dec    r16                         ;1 
 1cc:	0a 95       	dec	r16
C:\Users\fm\AppData\Local\Temp\arduino_build_524574\sketch/slimmath.S:101
    brne   tdivide_label3                ;1/2 
 1ce:	49 f4       	brne	.+18     	; 0x1e2 <tdivide_label3>
C:\Users\fm\AppData\Local\Temp\arduino_build_524574\sketch/slimmath.S:103
	;shape up structures
	MOV   r21,r3      ;
 1d0:	53 2d       	mov	r21, r3
C:\Users\fm\AppData\Local\Temp\arduino_build_524574\sketch/slimmath.S:104
	MOV   r20,r2      ;
 1d2:	42 2d       	mov	r20, r2
C:\Users\fm\AppData\Local\Temp\arduino_build_524574\sketch/slimmath.S:105
	MOV   r19,r1      ;
 1d4:	31 2d       	mov	r19, r1
C:\Users\fm\AppData\Local\Temp\arduino_build_524574\sketch/slimmath.S:106
	MOV   r18,r0      ; 
 1d6:	20 2d       	mov	r18, r0
C:\Users\fm\AppData\Local\Temp\arduino_build_524574\sketch/slimmath.S:109

	;; restore registers
	pop     r16
 1d8:	0f 91       	pop	r16
C:\Users\fm\AppData\Local\Temp\arduino_build_524574\sketch/slimmath.S:110
	pop     r3
 1da:	3f 90       	pop	r3
C:\Users\fm\AppData\Local\Temp\arduino_build_524574\sketch/slimmath.S:111
	pop     r2
 1dc:	2f 90       	pop	r2
C:\Users\fm\AppData\Local\Temp\arduino_build_524574\sketch/slimmath.S:112
	clr     r1              ; clear zero register	
 1de:	11 24       	eor	r1, r1
C:\Users\fm\AppData\Local\Temp\arduino_build_524574\sketch/slimmath.S:113
    ret                                    ;4 
 1e0:	08 95       	ret

000001e2 <tdivide_label3>:
tdivide_label3():
C:\Users\fm\AppData\Local\Temp\arduino_build_524574\sketch/slimmath.S:116

tdivide_label3: 
    rol    r0                      ;1 
 1e2:	00 1c       	adc	r0, r0
C:\Users\fm\AppData\Local\Temp\arduino_build_524574\sketch/slimmath.S:117
    rol    r1                      ;1 
 1e4:	11 1c       	adc	r1, r1
C:\Users\fm\AppData\Local\Temp\arduino_build_524574\sketch/slimmath.S:118
    rol    r2                      ;1 
 1e6:	22 1c       	adc	r2, r2
C:\Users\fm\AppData\Local\Temp\arduino_build_524574\sketch/slimmath.S:119
    rol    r3                      ;1
 1e8:	33 1c       	adc	r3, r3
C:\Users\fm\AppData\Local\Temp\arduino_build_524574\sketch/slimmath.S:122
    ;rol    remainder5
    ;rol    remainder6
    sub    r0,r18             ;1   rem -= divisor 
 1ea:	02 1a       	sub	r0, r18
C:\Users\fm\AppData\Local\Temp\arduino_build_524574\sketch/slimmath.S:123
    sbc    r1,r19             ;1 
 1ec:	13 0a       	sbc	r1, r19
C:\Users\fm\AppData\Local\Temp\arduino_build_524574\sketch/slimmath.S:124
    sbc    r2,r20             ;1 
 1ee:	24 0a       	sbc	r2, r20
C:\Users\fm\AppData\Local\Temp\arduino_build_524574\sketch/slimmath.S:125
    sbc    r3,r21             ;1 
 1f0:	35 0a       	sbc	r3, r21
C:\Users\fm\AppData\Local\Temp\arduino_build_524574\sketch/slimmath.S:128
    ;sbc    remainder5,divisor5
    ;sbc    remainder6,divisor6
    brcc   tdivide_label1                ;1/2 if res < 0 
 1f2:	38 f7       	brcc	.-50     	; 0x1c2 <tdivide_label1>
C:\Users\fm\AppData\Local\Temp\arduino_build_524574\sketch/slimmath.S:129
    add    r0,r18             ;1   restore remainder 
 1f4:	02 0e       	add	r0, r18
C:\Users\fm\AppData\Local\Temp\arduino_build_524574\sketch/slimmath.S:130
    adc    r1,r19             ;1 
 1f6:	13 1e       	adc	r1, r19
C:\Users\fm\AppData\Local\Temp\arduino_build_524574\sketch/slimmath.S:131
    adc    r2,r20             ;1 
 1f8:	24 1e       	adc	r2, r20
C:\Users\fm\AppData\Local\Temp\arduino_build_524574\sketch/slimmath.S:132
    adc    r3,r21             ;1 
 1fa:	35 1e       	adc	r3, r21
C:\Users\fm\AppData\Local\Temp\arduino_build_524574\sketch/slimmath.S:135
    ;adc    remainder5,divisor5
    ;adc    remainder6,divisor6 
    clc                                    ;1   clear carry 
 1fc:	88 94       	clc
C:\Users\fm\AppData\Local\Temp\arduino_build_524574\sketch/slimmath.S:136
    rjmp   tdivide_label2                ;2 
 1fe:	e2 cf       	rjmp	.-60     	; 0x1c4 <tdivide_label2>

00000200 <ReadADC()>:
ReadADC():
C:\github\Karat2N_synt\1freq\tiny13synt6/tiny13synt6.ino:25
  }
}

uint16_t ReadADC() {
  ADCSRA |= (1 << ADSC);       // start conversion
 200:	36 9a       	sbi	0x06, 6	; 6
C:\github\Karat2N_synt\1freq\tiny13synt6/tiny13synt6.ino:26
  while (ADCSRA & (1 << ADSC)) {} // wait for conversion complete
 202:	36 99       	sbic	0x06, 6	; 6
 204:	fe cf       	rjmp	.-4      	; 0x202 <ReadADC()+0x2>
C:\github\Karat2N_synt\1freq\tiny13synt6/tiny13synt6.ino:27
  return ADC;
 206:	84 b1       	in	r24, 0x04	; 4
 208:	95 b1       	in	r25, 0x05	; 5
C:\github\Karat2N_synt\1freq\tiny13synt6/tiny13synt6.ino:28
}
 20a:	08 95       	ret

0000020c <i2cSendRegister>:
i2cSendRegister():
C:\Users\fm\AppData\Local\Temp\arduino_build_524574\sketch/tiny5351.c:13
#define I2C_WRITE 0b11000000
#define I2C_READ  0b11000001


uint8_t i2cSendRegister(uint8_t reg, uint8_t data)
{
 20c:	cf 93       	push	r28
 20e:	df 93       	push	r29
 210:	d8 2f       	mov	r29, r24
 212:	c6 2f       	mov	r28, r22
C:\Users\fm\AppData\Local\Temp\arduino_build_524574\sketch/tiny5351.c:14
  i2c_start_wait(I2C_WRITE);
 214:	80 ec       	ldi	r24, 0xC0	; 192
 216:	6e df       	rcall	.-292    	; 0xf4 <i2c_start_wait>
C:\Users\fm\AppData\Local\Temp\arduino_build_524574\sketch/tiny5351.c:15
  i2c_write(reg);
 218:	8d 2f       	mov	r24, r29
 21a:	7e df       	rcall	.-260    	; 0x118 <i2c_write>
C:\Users\fm\AppData\Local\Temp\arduino_build_524574\sketch/tiny5351.c:16
  i2c_write(data);
 21c:	8c 2f       	mov	r24, r28
 21e:	7c df       	rcall	.-264    	; 0x118 <i2c_write>
C:\Users\fm\AppData\Local\Temp\arduino_build_524574\sketch/tiny5351.c:17
  i2c_stop();
 220:	73 df       	rcall	.-282    	; 0x108 <i2c_stop>
C:\Users\fm\AppData\Local\Temp\arduino_build_524574\sketch/tiny5351.c:19
  return 0;
}
 222:	80 e0       	ldi	r24, 0x00	; 0
 224:	df 91       	pop	r29
 226:	cf 91       	pop	r28
 228:	08 95       	ret

0000022a <setupPLL>:
setupPLL():
C:\Users\fm\AppData\Local\Temp\arduino_build_524574\sketch/tiny5351.c:22

static void setupPLL( uint8_t pll, uint8_t mult, uint32_t num, uint32_t denom, uint8_t rDiv)
{
 22a:	2f 92       	push	r2
 22c:	3f 92       	push	r3
 22e:	4f 92       	push	r4
 230:	5f 92       	push	r5
 232:	6f 92       	push	r6
 234:	7f 92       	push	r7
 236:	8f 92       	push	r8
 238:	9f 92       	push	r9
 23a:	af 92       	push	r10
 23c:	bf 92       	push	r11
 23e:	cf 92       	push	r12
 240:	df 92       	push	r13
 242:	ef 92       	push	r14
 244:	ff 92       	push	r15
 246:	0f 93       	push	r16
 248:	1f 93       	push	r17
 24a:	cf 93       	push	r28
 24c:	df 93       	push	r29
 24e:	cd b7       	in	r28, 0x3d	; 61
 250:	dd 27       	eor	r29, r29
 252:	c0 51       	subi	r28, 0x10	; 16
 254:	cd bf       	out	0x3d, r28	; 61
 256:	28 2e       	mov	r2, r24
 258:	36 2e       	mov	r3, r22
 25a:	27 01       	movw	r4, r14
 25c:	38 01       	movw	r6, r16
 25e:	1c 2d       	mov	r17, r12
C:\Users\fm\AppData\Local\Temp\arduino_build_524574\sketch/tiny5351.c:27
  uint32_t P1;
  uint32_t P2;
  uint32_t P3;

  uint32_t mulresult = num << 7;
 260:	49 01       	movw	r8, r18
 262:	5a 01       	movw	r10, r20
 264:	27 e0       	ldi	r18, 0x07	; 7
 266:	88 0c       	add	r8, r8
 268:	99 1c       	adc	r9, r9
 26a:	aa 1c       	adc	r10, r10
 26c:	bb 1c       	adc	r11, r11
 26e:	2a 95       	dec	r18
 270:	d1 f7       	brne	.-12     	; 0x266 <setupPLL+0x3c>
C:\Users\fm\AppData\Local\Temp\arduino_build_524574\sketch/tiny5351.c:28
  div_result output = tdivide(mulresult, denom);
 272:	a3 01       	movw	r20, r6
 274:	97 01       	movw	r18, r14
 276:	c5 01       	movw	r24, r10
 278:	b4 01       	movw	r22, r8
 27a:	9b df       	rcall	.-202    	; 0x1b2 <tdivide>
 27c:	6d 83       	std	Y+5, r22	; 0x05
 27e:	7e 83       	std	Y+6, r23	; 0x06
 280:	8f 83       	std	Y+7, r24	; 0x07
 282:	98 87       	std	Y+8, r25	; 0x08
C:\Users\fm\AppData\Local\Temp\arduino_build_524574\sketch/tiny5351.c:29
  uint32_t term =  output.quot;
 284:	cd 80       	ldd	r12, Y+5	; 0x05
 286:	de 80       	ldd	r13, Y+6	; 0x06
 288:	ef 80       	ldd	r14, Y+7	; 0x07
 28a:	f8 84       	ldd	r15, Y+8	; 0x08
C:\Users\fm\AppData\Local\Temp\arduino_build_524574\sketch/tiny5351.c:30
  uint32_t mulresultmix = tmultiply(denom, term);
 28c:	a7 01       	movw	r20, r14
 28e:	96 01       	movw	r18, r12
 290:	c3 01       	movw	r24, r6
 292:	b2 01       	movw	r22, r4
 294:	5d df       	rcall	.-326    	; 0x150 <tmultiply>
 296:	29 87       	std	Y+9, r18	; 0x09
 298:	3a 87       	std	Y+10, r19	; 0x0a
 29a:	4b 87       	std	Y+11, r20	; 0x0b
 29c:	5c 87       	std	Y+12, r21	; 0x0c
 29e:	6d 87       	std	Y+13, r22	; 0x0d
 2a0:	7e 87       	std	Y+14, r23	; 0x0e
 2a2:	8f 87       	std	Y+15, r24	; 0x0f
 2a4:	98 8b       	std	Y+16, r25	; 0x10
C:\Users\fm\AppData\Local\Temp\arduino_build_524574\sketch/tiny5351.c:31
  P2 = mulresult - mulresultmix;
 2a6:	89 85       	ldd	r24, Y+9	; 0x09
 2a8:	9a 85       	ldd	r25, Y+10	; 0x0a
 2aa:	ab 85       	ldd	r26, Y+11	; 0x0b
 2ac:	bc 85       	ldd	r27, Y+12	; 0x0c
 2ae:	88 1a       	sub	r8, r24
 2b0:	99 0a       	sbc	r9, r25
 2b2:	aa 0a       	sbc	r10, r26
 2b4:	bb 0a       	sbc	r11, r27
C:\Users\fm\AppData\Local\Temp\arduino_build_524574\sketch/tiny5351.c:33
  mulresult = mult << 7;
  P1 = mulresult + term - 512;
 2b6:	92 e0       	ldi	r25, 0x02	; 2
 2b8:	d9 1a       	sub	r13, r25
 2ba:	e1 08       	sbc	r14, r1
 2bc:	f1 08       	sbc	r15, r1
C:\Users\fm\AppData\Local\Temp\arduino_build_524574\sketch/tiny5351.c:32
  uint32_t mulresult = num << 7;
  div_result output = tdivide(mulresult, denom);
  uint32_t term =  output.quot;
  uint32_t mulresultmix = tmultiply(denom, term);
  P2 = mulresult - mulresultmix;
  mulresult = mult << 7;
 2be:	83 2d       	mov	r24, r3
 2c0:	90 e0       	ldi	r25, 0x00	; 0
 2c2:	96 95       	lsr	r25
 2c4:	98 2f       	mov	r25, r24
 2c6:	88 27       	eor	r24, r24
 2c8:	97 95       	ror	r25
 2ca:	87 95       	ror	r24
 2cc:	09 2e       	mov	r0, r25
 2ce:	00 0c       	add	r0, r0
 2d0:	aa 0b       	sbc	r26, r26
 2d2:	bb 0b       	sbc	r27, r27
C:\Users\fm\AppData\Local\Temp\arduino_build_524574\sketch/tiny5351.c:33
  P1 = mulresult + term - 512;
 2d4:	c8 0e       	add	r12, r24
 2d6:	d9 1e       	adc	r13, r25
 2d8:	ea 1e       	adc	r14, r26
 2da:	fb 1e       	adc	r15, r27
C:\Users\fm\AppData\Local\Temp\arduino_build_524574\sketch/tiny5351.c:35
  P3 = denom;
  i2cSendRegister(pll + 0, (P3 & 0x0000FF00) >> 8);
 2dc:	99 27       	eor	r25, r25
 2de:	87 2d       	mov	r24, r7
 2e0:	76 2d       	mov	r23, r6
 2e2:	65 2d       	mov	r22, r5
 2e4:	82 2d       	mov	r24, r2
 2e6:	92 df       	rcall	.-220    	; 0x20c <i2cSendRegister>
C:\Users\fm\AppData\Local\Temp\arduino_build_524574\sketch/tiny5351.c:36
  i2cSendRegister(pll + 1, (P3 & 0x000000FF));
 2e8:	64 2d       	mov	r22, r4
 2ea:	81 e0       	ldi	r24, 0x01	; 1
 2ec:	82 0d       	add	r24, r2
 2ee:	8e df       	rcall	.-228    	; 0x20c <i2cSendRegister>
 2f0:	6e 2d       	mov	r22, r14
 2f2:	63 70       	andi	r22, 0x03	; 3
 2f4:	82 e0       	ldi	r24, 0x02	; 2
 2f6:	82 0d       	add	r24, r2
C:\Users\fm\AppData\Local\Temp\arduino_build_524574\sketch/tiny5351.c:37
  if (rDiv != R_DIV_NA)
 2f8:	1f 3f       	cpi	r17, 0xFF	; 255
 2fa:	09 f0       	breq	.+2      	; 0x2fe <setupPLL+0xd4>
C:\Users\fm\AppData\Local\Temp\arduino_build_524574\sketch/tiny5351.c:39
  {
    i2cSendRegister(pll + 2,   ((P1 & 0x00030000) >> 16) | rDiv);
 2fc:	61 2b       	or	r22, r17
C:\Users\fm\AppData\Local\Temp\arduino_build_524574\sketch/tiny5351.c:43
  }
  else
  {
    i2cSendRegister(pll + 2,   ((P1 & 0x00030000) >> 16));
 2fe:	86 df       	rcall	.-244    	; 0x20c <i2cSendRegister>
C:\Users\fm\AppData\Local\Temp\arduino_build_524574\sketch/tiny5351.c:45
  }
  i2cSendRegister(pll + 3, (P1 & 0x0000FF00) >> 8);
 300:	99 27       	eor	r25, r25
 302:	8f 2d       	mov	r24, r15
 304:	7e 2d       	mov	r23, r14
 306:	6d 2d       	mov	r22, r13
 308:	83 e0       	ldi	r24, 0x03	; 3
 30a:	82 0d       	add	r24, r2
 30c:	7f df       	rcall	.-258    	; 0x20c <i2cSendRegister>
C:\Users\fm\AppData\Local\Temp\arduino_build_524574\sketch/tiny5351.c:46
  i2cSendRegister(pll + 4, (P1 & 0x000000FF));
 30e:	6c 2d       	mov	r22, r12
 310:	84 e0       	ldi	r24, 0x04	; 4
 312:	82 0d       	add	r24, r2
 314:	7b df       	rcall	.-266    	; 0x20c <i2cSendRegister>
C:\Users\fm\AppData\Local\Temp\arduino_build_524574\sketch/tiny5351.c:47
  i2cSendRegister(pll + 5, ((P3 & 0x000F0000) >> 12) | ((P2 & 0x000F0000) >> 16));
 316:	6a 2d       	mov	r22, r10
 318:	6f 70       	andi	r22, 0x0F	; 15
 31a:	85 e0       	ldi	r24, 0x05	; 5
 31c:	82 0d       	add	r24, r2
 31e:	76 df       	rcall	.-276    	; 0x20c <i2cSendRegister>
C:\Users\fm\AppData\Local\Temp\arduino_build_524574\sketch/tiny5351.c:48
  i2cSendRegister(pll + 6, (P2 & 0x0000FF00) >> 8);
 320:	99 27       	eor	r25, r25
 322:	8b 2d       	mov	r24, r11
 324:	7a 2d       	mov	r23, r10
 326:	69 2d       	mov	r22, r9
 328:	86 e0       	ldi	r24, 0x06	; 6
 32a:	82 0d       	add	r24, r2
 32c:	6f df       	rcall	.-290    	; 0x20c <i2cSendRegister>
C:\Users\fm\AppData\Local\Temp\arduino_build_524574\sketch/tiny5351.c:49
  i2cSendRegister(pll + 7, (P2 & 0x000000FF));
 32e:	68 2d       	mov	r22, r8
 330:	87 e0       	ldi	r24, 0x07	; 7
 332:	82 0d       	add	r24, r2
C:\Users\fm\AppData\Local\Temp\arduino_build_524574\sketch/tiny5351.c:50
}
 334:	c0 5f       	subi	r28, 0xF0	; 240
 336:	cd bf       	out	0x3d, r28	; 61
 338:	df 91       	pop	r29
 33a:	cf 91       	pop	r28
 33c:	1f 91       	pop	r17
 33e:	0f 91       	pop	r16
 340:	ff 90       	pop	r15
 342:	ef 90       	pop	r14
 344:	df 90       	pop	r13
 346:	cf 90       	pop	r12
 348:	bf 90       	pop	r11
 34a:	af 90       	pop	r10
 34c:	9f 90       	pop	r9
 34e:	8f 90       	pop	r8
 350:	7f 90       	pop	r7
 352:	6f 90       	pop	r6
 354:	5f 90       	pop	r5
 356:	4f 90       	pop	r4
 358:	3f 90       	pop	r3
 35a:	2f 90       	pop	r2
C:\Users\fm\AppData\Local\Temp\arduino_build_524574\sketch/tiny5351.c:49
  }
  i2cSendRegister(pll + 3, (P1 & 0x0000FF00) >> 8);
  i2cSendRegister(pll + 4, (P1 & 0x000000FF));
  i2cSendRegister(pll + 5, ((P3 & 0x000F0000) >> 12) | ((P2 & 0x000F0000) >> 16));
  i2cSendRegister(pll + 6, (P2 & 0x0000FF00) >> 8);
  i2cSendRegister(pll + 7, (P2 & 0x000000FF));
 35c:	57 cf       	rjmp	.-338    	; 0x20c <i2cSendRegister>

0000035e <_exit>:
exit():
/home/jenkins-mingw32/workspace/avr-gcc-staging/label/Ubuntu14.04x64-mingw32/gcc-build/avr/avr25/tiny-stack/libgcc/../../../../../gcc/libgcc/config/avr/lib1funcs.S:2278
 35e:	f8 94       	cli

00000360 <__stop_program>:
__stop_program():
/home/jenkins-mingw32/workspace/avr-gcc-staging/label/Ubuntu14.04x64-mingw32/gcc-build/avr/avr25/tiny-stack/libgcc/../../../../../gcc/libgcc/config/avr/lib1funcs.S:2280
 360:	ff cf       	rjmp	.-2      	; 0x360 <__stop_program>
